<testsuites id="" name="" tests="32" failures="0" skipped="4" errors="0" time="19.252771">
<testsuite name="auth.spec.ts" timestamp="2026-08-24T10:18:48.310Z" hostname="chromium" tests="4" failures="0" skipped="3" time="5.283" errors="0">
<testcase name="Authentication Flow › signup with email" classname="auth.spec.ts">
<properties>
<property name="skip" value="">
</property>
</properties>
<skipped>
</skipped>
</testcase>
<testcase name="Authentication Flow › login flow" classname="auth.spec.ts">
<properties>
<property name="skip" value="">
</property>
</properties>
<skipped>
</skipped>
</testcase>
<testcase name="Authentication Flow › page performance on auth pages" classname="auth.spec.ts" time="5.283">
<system-out>
<![CDATA[Home page load: 3131ms (limit: 5000ms for first load)
]]>
</system-out>
</testcase>
<testcase name="Authentication Flow › accessible form controls" classname="auth.spec.ts">
<properties>
<property name="skip" value="">
</property>
</properties>
<skipped>
</skipped>
</testcase>
</testsuite>
<testsuite name="decision.spec.ts" timestamp="2026-08-24T10:18:48.310Z" hostname="chromium" tests="4" failures="0" skipped="0" time="19.103" errors="0">
<testcase name="Decision Logging &amp; Intelligence › log a decision with performance assertion" classname="decision.spec.ts" time="5.638">
<system-out>
<![CDATA[Decision logging not yet implemented
]]>
</system-out>
</testcase>
<testcase name="Decision Logging &amp; Intelligence › decision follow-ups scheduling" classname="decision.spec.ts" time="5.479">
</testcase>
<testcase name="Decision Logging &amp; Intelligence › decision learning &amp; patterns" classname="decision.spec.ts" time="5.608">
<system-out>
<![CDATA[✓ Decision analytics visible
]]>
</system-out>
</testcase>
<testcase name="Decision Logging &amp; Intelligence › decision world expertise routing" classname="decision.spec.ts" time="2.378">
</testcase>
</testsuite>
<testsuite name="smoke.spec.ts" timestamp="2026-08-24T10:18:48.310Z" hostname="chromium" tests="12" failures="0" skipped="0" time="17.481" errors="0">
<testcase name="SK-01 LandingPage /en loads and shows primary CTA" classname="smoke.spec.ts" time="1.865">
<system-out>
<![CDATA[SK-01 ✓  H1: "The Only AI Twin
That's Actually Intelligent at Birth"
]]>
</system-out>
</testcase>
<testcase name="SK-02 LandingPage /th loads with Thai H1" classname="smoke.spec.ts" time="2.113">
<system-out>
<![CDATA[SK-02 ✓  TH H1: "เลิกเดาทิศทางของชีวิต
ให้ AI วิเคราะห์แทนดูดวง"
]]>
</system-out>
</testcase>
<testcase name="SK-03 LandingPage has no &quot;ดูดวง&quot; in visible body text" classname="smoke.spec.ts" time="1.138">
<system-out>
<![CDATA[SK-03 ✓  No "ดูดวง" in visible body
]]>
</system-out>
</testcase>
<testcase name="SK-04 Root / redirects to /en or /th" classname="smoke.spec.ts" time="0.955">
<system-out>
<![CDATA[SK-04 ✓  Root loaded (SPA will redirect client-side): https://www.selfprint.one/
]]>
</system-out>
</testcase>
<testcase name="SK-05 /api/og returns 200 image response" classname="smoke.spec.ts" time="0.399">
<system-out>
<![CDATA[SK-05 ✓  /api/og: 200, 85829 bytes, image/png
]]>
</system-out>
</testcase>
<testcase name="SK-06 /llms.txt serves correctly with SICE keyword" classname="smoke.spec.ts" time="0.308">
<system-out>
<![CDATA[SK-06 ✓  /llms.txt: 200, 4984 chars
]]>
</system-out>
</testcase>
<testcase name="SK-07 /en/login loads and has email input" classname="smoke.spec.ts" time="0.756">
<system-out>
<![CDATA[SK-07 ✓  Login page redirected (user may be logged in): https://www.selfprint.one/en/login
]]>
</system-out>
</testcase>
<testcase name="SK-08 LandingPage /en has no critical JS errors" classname="smoke.spec.ts" time="3.137">
<system-out>
<![CDATA[SK-08 ✓  No critical JS errors on /en
]]>
</system-out>
</testcase>
<testcase name="SK-09 LandingPage cold-start loads within 6s" classname="smoke.spec.ts" time="2.338">
<system-out>
<![CDATA[SK-09  Time to H1: 1247ms (limit: 6000ms)
SK-09 ✓  Time to H1: 1247ms
]]>
</system-out>
</testcase>
<testcase name="SK-10 /en/components public page loads" classname="smoke.spec.ts" time="0.841">
<system-out>
<![CDATA[SK-10 ✓  /en/components: HTTP 200
]]>
</system-out>
</testcase>
<testcase name="SK-11 LandingPage has a NavBar with brand name" classname="smoke.spec.ts" time="2.339">
<system-out>
<![CDATA[SK-11 ✓  NavBar + SELFPRINT brand visible
]]>
</system-out>
</testcase>
<testcase name="SK-12 /en/pricing page loads without 5xx" classname="smoke.spec.ts" time="1.292">
<system-out>
<![CDATA[SK-12 ✓  /en/pricing: HTTP 200
]]>
</system-out>
</testcase>
</testsuite>
<testsuite name="twin.spec.ts" timestamp="2026-08-24T10:18:48.310Z" hostname="chromium" tests="5" failures="0" skipped="1" time="13.494" errors="0">
<testcase name="Twin Creation &amp; Chat Flow › core awakening flow - twin creation" classname="twin.spec.ts" time="2.993">
<system-out>
<![CDATA[Twin creation took 213ms
]]>
</system-out>
</testcase>
<testcase name="Twin Creation &amp; Chat Flow › twin chat with performance assertion" classname="twin.spec.ts">
<properties>
<property name="skip" value="">
</property>
</properties>
<skipped>
</skipped>
</testcase>
<testcase name="Twin Creation &amp; Chat Flow › twin personality context switching (Hubs)" classname="twin.spec.ts" time="3.168">
</testcase>
<testcase name="Twin Creation &amp; Chat Flow › twin memory persistence" classname="twin.spec.ts" time="4.341">
</testcase>
<testcase name="Twin Creation &amp; Chat Flow › twin evolution stages" classname="twin.spec.ts" time="2.992">
</testcase>
</testsuite>
<testsuite name="upload.spec.ts" timestamp="2026-08-24T10:18:48.310Z" hostname="chromium" tests="4" failures="0" skipped="0" time="6.888" errors="0">
<testcase name="Image Upload &amp; Handling › upload profile picture" classname="upload.spec.ts" time="2.66">
</testcase>
<testcase name="Image Upload &amp; Handling › upload validation - file type" classname="upload.spec.ts" time="1.361">
</testcase>
<testcase name="Image Upload &amp; Handling › upload validation - file size" classname="upload.spec.ts" time="1.448">
</testcase>
<testcase name="Image Upload &amp; Handling › image rendering after upload" classname="upload.spec.ts" time="1.419">
</testcase>
</testsuite>
<testsuite name="world-visual.spec.ts" timestamp="2026-08-24T10:18:48.310Z" hostname="chromium" tests="3" failures="0" skipped="0" time="5.506" errors="0">
<testcase name="P0-H: Twin per World visual checks › all 12 Worlds render their Twin preview without console errors" classname="world-visual.spec.ts" time="1.937">
</testcase>
<testcase name="P0-H: Twin per World visual checks › preview grid has no horizontal overflow at mobile width" classname="world-visual.spec.ts" time="1.826">
</testcase>
<testcase name="P0-H: Twin per World visual checks › each World produces a visually distinct Twin card (posture/accessory/expression vary)" classname="world-visual.spec.ts" time="1.743">
</testcase>
</testsuite>
</testsuites>